<?xml version="1.0" encoding="utf-8"?><testsuites name="pytest tests"><testsuite name="pytest" errors="0" failures="0" skipped="0" tests="21" time="4.474" timestamp="2026-06-15T10:42:45.798481+00:00" hostname="agent-env-04673b53-13e7-42c5-b9bd-87093030d420"><testcase classname="backend.tests.test_deposit_flow.TestPaymentMethodsAdminCRUD" name="test_create_bank_pm" time="0.578" /><testcase classname="backend.tests.test_deposit_flow.TestPaymentMethodsAdminCRUD" name="test_create_crypto_pm" time="0.129" /><testcase classname="backend.tests.test_deposit_flow.TestPaymentMethodsAdminCRUD" name="test_list_pms_admin" time="0.096" /><testcase classname="backend.tests.test_deposit_flow.TestPaymentMethodsAdminCRUD" name="test_patch_pm_toggle_active" time="0.197" /><testcase classname="backend.tests.test_deposit_flow.TestUserPaymentMethods" name="test_user_lists_active_pms" time="0.448" /><testcase classname="backend.tests.test_deposit_flow.TestUserPaymentMethods" name="test_no_auth_returns_401" time="0.106" /><testcase classname="backend.tests.test_deposit_flow.TestDepositRequestFlow" name="test_user_creates_deposit_request_no_balance_change" time="0.350" /><testcase classname="backend.tests.test_deposit_flow.TestDepositRequestFlow" name="test_invalid_payment_method_returns_404" time="0.131" /><testcase classname="backend.tests.test_deposit_flow.TestDepositRequestFlow" name="test_user_lists_own_deposit_requests" time="0.094" /><testcase classname="backend.tests.test_deposit_flow.TestDepositRequestFlow" name="test_admin_lists_pending_requests" time="0.098" /><testcase classname="backend.tests.test_deposit_flow.TestDepositRequestFlow" name="test_admin_approves_request_credits_balance_and_creates_tx" time="0.506" /><testcase classname="backend.tests.test_deposit_flow.TestDepositRequestFlow" name="test_approve_already_approved_returns_400" time="0.094" /><testcase classname="backend.tests.test_deposit_flow.TestDepositRequestFlow" name="test_reject_flow_does_not_credit_balance" time="0.580" /><testcase classname="backend.tests.test_deposit_flow.TestSanityExistingFlows" name="test_auth_me" time="0.090" /><testcase classname="backend.tests.test_deposit_flow.TestSanityExistingFlows" name="test_portfolio" time="0.099" /><testcase classname="backend.tests.test_deposit_flow.TestSanityExistingFlows" name="test_transactions_list" time="0.093" /><testcase classname="backend.tests.test_deposit_flow.TestSanityExistingFlows" name="test_withdraw_works" time="0.183" /><testcase classname="backend.tests.test_deposit_flow.TestSanityExistingFlows" name="test_buy_requires_kyc" time="0.095" /><testcase classname="backend.tests.test_deposit_flow.TestSanityExistingFlows" name="test_admin_transactions_includes_user_deposit" time="0.099" /><testcase classname="backend.tests.test_deposit_flow.TestSanityExistingFlows" name="test_admin_stats_includes_deposits_pending" time="0.101" /><testcase classname="backend.tests.test_deposit_flow" name="test_zz_cleanup_payment_methods" time="0.194" /></testsuite></testsuites>