<?xml version="1.0" encoding="utf-8"?><testsuites name="pytest tests"><testsuite name="pytest" errors="0" failures="1" skipped="0" tests="39" time="10.110" timestamp="2026-06-15T11:16:31.913794+00:00" hostname="agent-env-04673b53-13e7-42c5-b9bd-87093030d420"><testcase classname="backend.tests.test_user_detail.TestUserDetailEndpoint" name="test_detail_returns_rich_fields" time="0.909"><failure message="AssertionError: assert 'test_detail_...4@fonakis.com' == 'TEST_detail_...4@fonakis.com'&#10;  &#10;  - TEST_detail_1781522192444@fonakis.com&#10;  ? ^^^^&#10;  + test_detail_1781522192444@fonakis.com&#10;  ? ^^^^">backend/tests/test_user_detail.py:68: in test_detail_returns_rich_fields
    assert d['email'] == primary_user['email']
E   AssertionError: assert 'test_detail_...4@fonakis.com' == 'TEST_detail_...4@fonakis.com'
E     
E     - TEST_detail_1781522192444@fonakis.com
E     ? ^^^^
E     + test_detail_1781522192444@fonakis.com
E     ? ^^^^</failure></testcase><testcase classname="backend.tests.test_user_detail.TestUserDetailEndpoint" name="test_detail_unknown_user_404" time="0.098" /><testcase classname="backend.tests.test_user_detail.TestBalanceAndCredit" name="test_balance_add_creates_tx_and_updates" time="0.197" /><testcase classname="backend.tests.test_user_detail.TestBalanceAndCredit" name="test_balance_subtract" time="0.224" /><testcase classname="backend.tests.test_user_detail.TestBalanceAndCredit" name="test_balance_below_zero_rejected" time="0.128" /><testcase classname="backend.tests.test_user_detail.TestBalanceAndCredit" name="test_credit_add" time="0.201" /><testcase classname="backend.tests.test_user_detail.TestBalanceAndCredit" name="test_credit_below_zero_rejected" time="0.095" /><testcase classname="backend.tests.test_user_detail.TestUserInfoUpdate" name="test_update_info" time="0.108" /><testcase classname="backend.tests.test_user_detail.TestUserInfoUpdate" name="test_email_collision_returns_409" time="0.445" /><testcase classname="backend.tests.test_user_detail.TestPasswordReset" name="test_password_reset_and_login" time="2.627" /><testcase classname="backend.tests.test_user_detail.TestPasswordReset" name="test_password_too_short" time="0.115" /><testcase classname="backend.tests.test_user_detail.TestAuthGuards" name="test_no_token_401_or_403" time="0.092" /><testcase classname="backend.tests.test_user_detail.TestAuthGuards" name="test_user_token_403" time="0.095" /><testcase classname="backend.tests.test_user_detail.TestAuthGuards" name="test_user_cannot_adjust_balance" time="0.095" /><testcase classname="backend.tests.test_user_detail.TestPaymentMethodBankCode" name="test_create_with_bank_code" time="0.128" /><testcase classname="backend.tests.test_user_detail.TestPaymentMethodBankCode" name="test_get_round_trips_bank_code" time="0.195" /><testcase classname="backend.tests.test_user_detail.TestPaymentMethodBankCode" name="test_user_sees_pm" time="0.093" /><testcase classname="backend.tests.test_user_detail.TestPaymentMethodBankCode" name="test_zz_cleanup" time="0.089" /><testcase classname="backend.tests.test_deposit_flow.TestPaymentMethodsAdminCRUD" name="test_create_bank_pm" time="0.415" /><testcase classname="backend.tests.test_deposit_flow.TestPaymentMethodsAdminCRUD" name="test_create_crypto_pm" time="0.104" /><testcase classname="backend.tests.test_deposit_flow.TestPaymentMethodsAdminCRUD" name="test_list_pms_admin" time="0.120" /><testcase classname="backend.tests.test_deposit_flow.TestPaymentMethodsAdminCRUD" name="test_patch_pm_toggle_active" time="0.195" /><testcase classname="backend.tests.test_deposit_flow.TestUserPaymentMethods" name="test_user_lists_active_pms" time="0.411" /><testcase classname="backend.tests.test_deposit_flow.TestUserPaymentMethods" name="test_no_auth_returns_401" time="0.091" /><testcase classname="backend.tests.test_deposit_flow.TestDepositRequestFlow" name="test_user_creates_deposit_request_no_balance_change" time="0.281" /><testcase classname="backend.tests.test_deposit_flow.TestDepositRequestFlow" name="test_invalid_payment_method_returns_404" time="0.098" /><testcase classname="backend.tests.test_deposit_flow.TestDepositRequestFlow" name="test_user_lists_own_deposit_requests" time="0.090" /><testcase classname="backend.tests.test_deposit_flow.TestDepositRequestFlow" name="test_admin_lists_pending_requests" time="0.101" /><testcase classname="backend.tests.test_deposit_flow.TestDepositRequestFlow" name="test_admin_approves_request_credits_balance_and_creates_tx" time="0.480" /><testcase classname="backend.tests.test_deposit_flow.TestDepositRequestFlow" name="test_approve_already_approved_returns_400" time="0.096" /><testcase classname="backend.tests.test_deposit_flow.TestDepositRequestFlow" name="test_reject_flow_does_not_credit_balance" time="0.575" /><testcase classname="backend.tests.test_deposit_flow.TestSanityExistingFlows" name="test_auth_me" time="0.102" /><testcase classname="backend.tests.test_deposit_flow.TestSanityExistingFlows" name="test_portfolio" time="0.094" /><testcase classname="backend.tests.test_deposit_flow.TestSanityExistingFlows" name="test_transactions_list" time="0.106" /><testcase classname="backend.tests.test_deposit_flow.TestSanityExistingFlows" name="test_withdraw_works" time="0.212" /><testcase classname="backend.tests.test_deposit_flow.TestSanityExistingFlows" name="test_buy_requires_kyc" time="0.100" /><testcase classname="backend.tests.test_deposit_flow.TestSanityExistingFlows" name="test_admin_transactions_includes_user_deposit" time="0.093" /><testcase classname="backend.tests.test_deposit_flow.TestSanityExistingFlows" name="test_admin_stats_includes_deposits_pending" time="0.103" /><testcase classname="backend.tests.test_deposit_flow" name="test_zz_cleanup_payment_methods" time="0.193" /></testsuite></testsuites>